<?xml version="1.0" encoding="UTF-8"?>
<!-- Generated by org.testng.reporters.JUnitReportReporter -->
<testsuite hostname="user-PC" name="AcademyTestCases.Home" tests="1" failures="0" timestamp="2 Jun 2020 03:08:48 GMT" time="11.805" errors="0">
  <testcase name="basePageNavigation" time="11.805" classname="AcademyTestCases.Home"/>
</testsuite> <!-- AcademyTestCases.Home -->
