<?xml version="1.0" encoding="UTF-8"?>
<!-- Generated by org.testng.reporters.JUnitReportReporter -->
<testsuite hostname="user-PC" name="AcademyTestCases.Login" tests="1" failures="0" timestamp="31 May 2020 07:41:23 GMT" time="27.745" errors="0">
  <testcase name="accountLogin" time="27.745" classname="AcademyTestCases.Login"/>
</testsuite> <!-- AcademyTestCases.Login -->
