<?xml version="1.0" encoding="UTF-8"?>
<!-- Generated by org.testng.reporters.JUnitReportReporter -->
<testsuite hostname="user-PC" name="Academy.HomePage" tests="1" failures="0" timestamp="29 May 2020 05:47:29 GMT" time="12.027" errors="0">
  <testcase name="basePageNavigation" time="12.027" classname="Academy.HomePage"/>
</testsuite> <!-- Academy.HomePage -->
